{"level":"info","message":"Rutas registradas: /api","timestamp":"2024-12-05 04:51:20"}
{"level":"info","message":"Servidor escuchando en el puerto 3000","timestamp":"2024-12-05 04:51:20"}
{"level":"info","message":"Solicitud recibida: POST /login, sesión activa.","timestamp":"2024-12-05 04:52:34"}
{"level":"info","message":"Solicitud recibida: POST /login, sesión activa.","timestamp":"2024-12-05 04:56:51"}
{"level":"info","message":"Rutas registradas: /api","timestamp":"2024-12-05 05:20:09"}
{"level":"info","message":"Servidor escuchando en el puerto 3000","timestamp":"2024-12-05 05:20:09"}
{"level":"info","message":"Solicitud recibida: POST /login, sesión activa.","timestamp":"2024-12-05 05:20:19"}
{"level":"info","message":"Rutas registradas: /api","timestamp":"2024-12-05 05:26:48"}
{"level":"info","message":"Servidor escuchando en el puerto 3000","timestamp":"2024-12-05 05:26:48"}
{"level":"info","message":"Solicitud recibida: POST /login, sesión activa.","timestamp":"2024-12-05 05:27:03"}
{"level":"info","message":"Servidor escuchando en el puerto 3000","timestamp":"2024-12-05 05:29:18"}
{"level":"info","message":"Solicitud recibida: POST /login, sesión activa.","timestamp":"2024-12-05 05:29:33"}
{"level":"info","message":"Solicitud recibida: GET /allappointment/1, sesión activa.","timestamp":"2024-12-05 05:29:37"}
{"level":"info","message":"Solicitud recibida: GET /allappointment/1, sesión activa.","timestamp":"2024-12-05 05:29:37"}
{"level":"info","message":"Servidor escuchando en el puerto 3000","timestamp":"2024-12-05 05:32:05"}
{"level":"info","message":"Solicitud recibida: POST /login, sesión activa.","timestamp":"2024-12-05 05:32:22"}
{"level":"info","message":"Solicitud recibida: POST /login, sesión activa.","timestamp":"2024-12-05 05:32:44"}
{"level":"info","message":"Servidor escuchando en el puerto 3000","timestamp":"2024-12-05 05:32:51"}
{"level":"info","message":"Solicitud recibida: POST /login, sesión activa.","timestamp":"2024-12-05 05:33:07"}
{"level":"info","message":"Solicitud recibida: GET /allappointment/1, sesión activa.","timestamp":"2024-12-05 05:34:52"}
{"level":"info","message":"Solicitud recibida: GET /allappointment/1, sesión activa.","timestamp":"2024-12-05 05:34:52"}
{"level":"info","message":"Servidor escuchando en el puerto 3000","timestamp":"2024-12-05 05:36:13"}
{"level":"info","message":"Solicitud recibida: POST /login, sesión activa.","timestamp":"2024-12-05 05:36:27"}
{"level":"info","message":"Solicitud recibida: POST /login, sesión activa.","timestamp":"2024-12-05 05:36:41"}
{"level":"info","message":"Servidor escuchando en el puerto 3000","timestamp":"2024-12-05 05:37:01"}
{"level":"info","message":"Solicitud recibida: POST /login, sesión activa.","timestamp":"2024-12-05 05:37:16"}
{"level":"info","message":"Servidor escuchando en el puerto 3000","timestamp":"2024-12-05 05:38:31"}
{"level":"info","message":"Solicitud recibida: POST /login, sesión activa.","timestamp":"2024-12-05 05:38:35"}
{"level":"info","message":"Solicitud recibida: POST /login, sesión activa.","timestamp":"2024-12-05 05:38:35"}
{"level":"info","message":"Servidor escuchando en el puerto 3000","timestamp":"2024-12-05 05:44:28"}
{"level":"info","message":"Solicitud recibida: POST /login, sesión activa.","timestamp":"2024-12-05 05:44:46"}
{"level":"info","message":"Servidor escuchando en el puerto 3000","timestamp":"2024-12-05 05:54:53"}
{"level":"info","message":"Solicitud recibida: GET /allappointment/1, sesión activa.","timestamp":"2024-12-05 05:54:56"}
{"level":"info","message":"Solicitud recibida: GET /allappointment/1, sesión activa.","timestamp":"2024-12-05 05:54:56"}
{"level":"info","message":"Solicitud recibida: POST /login, sesión activa.","timestamp":"2024-12-05 05:55:16"}
{"level":"info","message":"Solicitud recibida: POST /login, sesión activa.","timestamp":"2024-12-05 05:56:03"}
{"level":"info","message":"Servidor escuchando en el puerto 3000","timestamp":"2024-12-05 05:56:06"}
{"level":"info","message":"Solicitud recibida: POST /login, sesión activa.","timestamp":"2024-12-05 05:56:09"}
{"level":"info","message":"Solicitud recibida: POST /login, sesión activa.","timestamp":"2024-12-05 05:56:22"}
{"level":"info","message":"Solicitud recibida: POST /login, sesión activa.","timestamp":"2024-12-05 05:56:27"}
{"level":"info","message":"Servidor escuchando en el puerto 3000","timestamp":"2024-12-05 05:57:55"}
{"level":"info","message":"Solicitud recibida: POST /login, sesión activa.","timestamp":"2024-12-05 05:58:25"}
{"level":"info","message":"Servidor escuchando en el puerto 3000","timestamp":"2024-12-05 06:00:30"}
{"level":"info","message":"Solicitud recibida: GET /allappointment/1, sesión activa.","timestamp":"2024-12-05 06:00:35"}
{"level":"info","message":"Solicitud recibida: GET /allappointment/1, sesión activa.","timestamp":"2024-12-05 06:00:35"}
{"level":"info","message":"Solicitud recibida: POST /login, sesión activa.","timestamp":"2024-12-05 06:01:18"}
{"level":"info","message":"Servidor escuchando en el puerto 3000","timestamp":"2024-12-05 06:57:49"}
{"level":"info","message":"Solicitud recibida: POST /login, sesión activa.","timestamp":"2024-12-05 06:58:02"}
{"level":"info","message":"Solicitud recibida: GET /allappointment/1, sesión activa.","timestamp":"2024-12-05 06:58:21"}
{"level":"info","message":"Solicitud recibida: GET /allappointment/1, sesión activa.","timestamp":"2024-12-05 06:58:21"}
{"level":"info","message":"Solicitud recibida: GET /calendar/1, sesión activa.","timestamp":"2024-12-05 06:58:27"}
{"level":"info","message":"Solicitud recibida: GET /calendar/1, sesión activa.","timestamp":"2024-12-05 06:58:27"}
{"level":"info","message":"Solicitud recibida: GET /calendar/1, sesión activa.","timestamp":"2024-12-05 06:58:31"}
{"level":"info","message":"Solicitud recibida: GET /calendar/1, sesión activa.","timestamp":"2024-12-05 06:58:31"}
{"level":"info","message":"Solicitud recibida: GET /calendar/1, sesión activa.","timestamp":"2024-12-05 06:58:33"}
{"level":"info","message":"Solicitud recibida: GET /calendar/1, sesión activa.","timestamp":"2024-12-05 06:58:33"}
{"level":"info","message":"Servidor escuchando en el puerto 3000","timestamp":"2024-12-05 07:19:19"}
{"level":"info","message":"Solicitud recibida: POST /login, sesión activa.","timestamp":"2024-12-05 07:19:46"}
{"level":"info","message":"Solicitud recibida: POST /login, sesión activa.","timestamp":"2024-12-05 07:19:50"}
{"level":"info","message":"Servidor escuchando en el puerto 3000","timestamp":"2024-12-05 07:21:45"}
{"level":"info","message":"Solicitud recibida: POST /login, sesión activa.","timestamp":"2024-12-05 07:22:14"}
{"level":"info","message":"Servidor escuchando en el puerto 3000","timestamp":"2024-12-05 07:23:48"}
{"level":"info","message":"Solicitud recibida: POST /login, sesión activa.","timestamp":"2024-12-05 07:24:12"}
{"level":"info","message":"Solicitud recibida: GET /allappointment/1, sesión activa.","timestamp":"2024-12-05 07:24:16"}
{"level":"info","message":"Solicitud recibida: GET /allappointment/1, sesión activa.","timestamp":"2024-12-05 07:24:16"}
{"level":"info","message":"Solicitud recibida: POST /login, sesión activa.","timestamp":"2024-12-05 07:24:46"}
{"level":"info","message":"Solicitud recibida: POST /login, sesión activa.","timestamp":"2024-12-05 07:25:12"}
{"level":"info","message":"Solicitud recibida: POST /login, sesión activa.","timestamp":"2024-12-05 07:25:16"}
{"level":"info","message":"Solicitud recibida: POST /login, sesión activa.","timestamp":"2024-12-05 07:25:31"}
{"level":"info","message":"Solicitud recibida: GET /allappointment/4, sesión activa.","timestamp":"2024-12-05 07:25:35"}
{"level":"info","message":"Solicitud recibida: GET /allappointment/4, sesión activa.","timestamp":"2024-12-05 07:25:35"}
{"level":"info","message":"Servidor escuchando en el puerto 3000","timestamp":"2024-12-05 07:34:24"}
{"level":"info","message":"Solicitud recibida: OPTIONS /login, sesión activa.","timestamp":"2024-12-05 07:34:41"}
{"level":"info","message":"Servidor escuchando en el puerto 3000","timestamp":"2024-12-05 07:34:52"}
{"level":"info","message":"Solicitud recibida: OPTIONS /login, sesión activa.","timestamp":"2024-12-05 07:35:04"}
{"level":"info","message":"Servidor escuchando en el puerto 3000","timestamp":"2024-12-05 07:35:08"}
{"level":"info","message":"Solicitud recibida: OPTIONS /login, sesión activa.","timestamp":"2024-12-05 07:37:00"}
{"level":"info","message":"Servidor escuchando en el puerto 3000","timestamp":"2024-12-05 07:37:06"}
{"level":"info","message":"Solicitud recibida: OPTIONS /login, sesión activa.","timestamp":"2024-12-05 07:37:15"}
{"level":"info","message":"Servidor escuchando en el puerto 3000","timestamp":"2024-12-05 07:38:30"}
{"level":"info","message":"Solicitud recibida: POST /login, sesión activa.","timestamp":"2024-12-05 07:38:45"}
{"level":"info","message":"Servidor escuchando en el puerto 3000","timestamp":"2024-12-06 05:32:19"}
{"level":"info","message":"Solicitud recibida: POST /login, sesión activa.","timestamp":"2024-12-06 05:32:33"}
{"level":"info","message":"Solicitud recibida: GET /allappointment/1, sesión activa.","timestamp":"2024-12-06 05:32:38"}
{"level":"info","message":"Solicitud recibida: GET /allappointment/1, sesión activa.","timestamp":"2024-12-06 05:32:38"}
{"level":"info","message":"Solicitud recibida: POST /createappointment, sesión activa.","timestamp":"2024-12-06 05:33:31"}
{"level":"info","message":"Servidor escuchando en el puerto 3000","timestamp":"2024-12-06 05:57:15"}
{"level":"info","message":"Solicitud recibida: POST /login, sesión activa.","timestamp":"2024-12-06 05:58:03"}
{"level":"info","message":"Solicitud recibida: GET /allappointment/1, sesión activa.","timestamp":"2024-12-06 05:58:07"}
{"level":"info","message":"Solicitud recibida: GET /allappointment/1, sesión activa.","timestamp":"2024-12-06 05:58:07"}
{"level":"info","message":"Solicitud recibida: POST /createappointment, sesión activa.","timestamp":"2024-12-06 05:58:10"}
